<?xml version="1.0" encoding="UTF-8"?>
<Site BuildName="(empty)"
	BuildStamp="20260107-1628-Experimental"
	Name="(empty)"
	Generator="ctest-4.2.1"
	CompilerName=""
	CompilerVersion=""
	OSName="Linux"
	Hostname="archlinux"
	OSRelease="6.18.3-arch1-1"
	OSVersion="#1 SMP PREEMPT_DYNAMIC Fri, 02 Jan 2026 17:52:55 +0000"
	OSPlatform="x86_64"
	Is64Bits="1"
	VendorString="GenuineIntel"
	VendorID="Intel Corporation"
	FamilyID="6"
	ModelID="142"
	ModelName="Intel(R) Core(TM) i5-10310U CPU @ 1.70GHz"
	ProcessorCacheSize="6144"
	NumberOfLogicalCPU="8"
	NumberOfPhysicalCPU="4"
	TotalVirtualMemory="0"
	TotalPhysicalMemory="15614"
	LogicalProcessorsPerPhysical="2"
	ProcessorClockFrequency="1899.98"
	>
	<Testing>
		<StartDateTime>Jan 07 19:28 MSK</StartDateTime>
		<StartTestTime>1767803296</StartTestTime>
		<TestList/>
		<EndDateTime>Jan 07 19:28 MSK</EndDateTime>
		<EndTestTime>1767803296</EndTestTime>
		<ElapsedMinutes>0</ElapsedMinutes>
	</Testing>
</Site>
